Arguments: 
  /Users/shintaro/.nodenv/versions/16.14.2/bin/node /usr/local/Cellar/yarn/1.22.19/libexec/bin/yarn.js init

PATH: 
  /Users/shintaro/.nodenv/versions/16.14.2/bin:/usr/local/Cellar/nodenv/1.4.0/libexec:/Users/shintaro/google-cloud-sdk/bin:/Users/shintaro/.config/yarn/global/node_modules/.bin:/Users/shintaro/.pyenv/shims:/usr/local/sbin:/usr/local/opt/mysql-client/bin:/Users/shintaro/.goenv/versions/1.17.8/bin:/Users/shintaro/.goenv/bin:/Users/shintaro/.nodenv/shims:/Users/shintaro/.nodenv/bin:/usr/local/bin:/usr/bin:/bin:/usr/sbin:/sbin:/Library/Apple/usr/bin:/Users/shintaro/google-cloud-sdk/bin:/Users/shintaro/.goenv/shims:/Users/shintaro/.fig/bin:/Users/shintaro/.local/bin:/Users/shintaro/go/1.17.8/bin:/Users/shintaro/.antigen/bundles/robbyrussell/oh-my-zsh/plugins/git:/Users/shintaro/.antigen/bundles/robbyrussell/oh-my-zsh/plugins/docker:/Users/shintaro/.antigen/bundles/zsh-users/zsh-syntax-highlighting:/Users/shintaro/.antigen/bundles/zsh-users/zsh-autosuggestions:/Users/shintaro/.antigen/bundles/zsh-users/zsh-completions:/Users/shintaro/.antigen/bundles/zsh-users/zsh-history-substring-search:/Users/shintaro/.antigen/bundles/romkatv/powerlevel10k:/Users/shintaro/development/flutter/bin:/Users/shintaro/.fzf/bin

Yarn version: 
  1.22.19

Node version: 
  16.14.2

Platform: 
  darwin x64

Trace: 
  Error: canceled
      at Interface.<anonymous> (/usr/local/Cellar/yarn/1.22.19/libexec/lib/cli.js:137150:13)
      at Interface.emit (node:events:526:28)
      at Interface._ttyWrite (node:readline:1081:16)
      at ReadStream.onkeypress (node:readline:288:10)
      at ReadStream.emit (node:events:526:28)
      at emitKeys (node:internal/readline/utils:358:14)
      at emitKeys.next (<anonymous>)
      at ReadStream.onData (node:internal/readline/emitKeypressEvents:61:36)
      at ReadStream.emit (node:events:526:28)
      at addChunk (node:internal/streams/readable:315:12)

npm manifest: 
  No manifest

yarn manifest: 
  No manifest

Lockfile: 
  No lockfile
